Arguments: 
  /usr/local/bin/node /opt/yarn-v1.22.19/bin/yarn.js install

PATH: 
  /usr/local/share/nvm/current/bin:/usr/local/share/npm-global/bin:/usr/local/sbin:/usr/local/bin:/usr/sbin:/usr/bin:/sbin:/bin:/root/.local/bin

Yarn version: 
  1.22.19

Node version: 
  20.12.0

Platform: 
  linux x64

Trace: 
  Error: ENOENT: no such file or directory, open '/root/.cache/yarn/v6/npm-react-dom-18.3.1-c2265d79511b57d479b3dd3fdfa51536494c5cb4-integrity/node_modules/react-dom/.yarn-tarball.tgz'

npm manifest: 
  {
    "name": "react",
    "version": "1.0.0",
    "description": "",
    "keywords": [],
    "main": "src/index.tsx",
    "dependencies": {
      "react": "^18.0.0",
      "react-dom": "^18.0.0",
      "react-scripts": "^5.0.0",
      "prettier": "3.2.5",
      "khroma": "2.1.0",
      "tweakpane": "4.0.3",
      "sonner": "1.4.41"
    },
    "devDependencies": {
      "@types/react": "18.2.38",
      "@types/react-dom": "18.2.15",
      "loader-utils": "3.2.1",
      "typescript": "4.4.4"
    },
    "scripts": {
      "start": "react-scripts start",
      "build": "react-scripts build",
      "test": "react-scripts test --env=jsdom",
      "eject": "react-scripts eject"
    },
    "browserslist": [
      ">0.2%",
      "not dead",
      "not ie <= 11",
      "not op_mini all"
    ]
  }

yarn manifest: 
  No manifest

Lockfile: 
  No lockfile
